Release 14.7 - xst P.20131013 (nt64)
Copyright (c) 1995-2013 Xilinx, Inc.  All rights reserved.
--> Parameter TMPDIR set to xst/projnav.tmp


Total REAL time to Xst completion: 0.00 secs
Total CPU time to Xst completion: 0.09 secs
 
--> Parameter xsthdpdir set to xst


Total REAL time to Xst completion: 0.00 secs
Total CPU time to Xst completion: 0.09 secs
 
--> Reading design: Scheme.prj

TABLE OF CONTENTS
  1) Synthesis Options Summary
  2) HDL Parsing
  3) HDL Elaboration
  4) HDL Synthesis
       4.1) HDL Synthesis Report
  5) Advanced HDL Synthesis
       5.1) Advanced HDL Synthesis Report
  6) Low Level Synthesis
  7) Partition Report
  8) Design Summary
       8.1) Primitive and Black Box Usage
       8.2) Device utilization summary
       8.3) Partition Resource Summary
       8.4) Timing Report
            8.4.1) Clock Information
            8.4.2) Asynchronous Control Signals Information
            8.4.3) Timing Summary
            8.4.4) Timing Details
            8.4.5) Cross Clock Domains Report


=========================================================================
*                      Synthesis Options Summary                        *
=========================================================================
---- Source Parameters
Input File Name                    : "Scheme.prj"
Ignore Synthesis Constraint File   : NO

---- Target Parameters
Output File Name                   : "Scheme"
Output Format                      : NGC
Target Device                      : xc6slx16-3-csg324

---- Source Options
Top Module Name                    : Scheme
Automatic FSM Extraction           : YES
FSM Encoding Algorithm             : Auto
Safe Implementation                : No
FSM Style                          : LUT
RAM Extraction                     : Yes
RAM Style                          : Auto
ROM Extraction                     : Yes
Shift Register Extraction          : YES
ROM Style                          : Auto
Resource Sharing                   : YES
Asynchronous To Synchronous        : NO
Shift Register Minimum Size        : 2
Use DSP Block                      : Auto
Automatic Register Balancing       : No

---- Target Options
LUT Combining                      : Auto
Reduce Control Sets                : Auto
Add IO Buffers                     : YES
Global Maximum Fanout              : 100000
Add Generic Clock Buffer(BUFG)     : 16
Register Duplication               : YES
Optimize Instantiated Primitives   : NO
Use Clock Enable                   : Auto
Use Synchronous Set                : Auto
Use Synchronous Reset              : Auto
Pack IO Registers into IOBs        : Auto
Equivalent register Removal        : YES

---- General Options
Optimization Goal                  : Speed
Optimization Effort                : 1
Power Reduction                    : NO
Keep Hierarchy                     : No
Netlist Hierarchy                  : As_Optimized
RTL Output                         : Yes
Global Optimization                : AllClockNets
Read Cores                         : YES
Write Timing Constraints           : NO
Cross Clock Analysis               : NO
Hierarchy Separator                : /
Bus Delimiter                      : <>
Case Specifier                     : Maintain
Slice Utilization Ratio            : 100
BRAM Utilization Ratio             : 100
DSP48 Utilization Ratio            : 100
Auto BRAM Packing                  : NO
Slice Utilization Ratio Delta      : 5

=========================================================================


=========================================================================
*                          HDL Parsing                                  *
=========================================================================
Analyzing Verilog file "D:\Study\PLIS\PLIS-lw8\SevenSegsLibrary\Scheme.vf" into library work
Parsing module <Scheme>.
Parsing VHDL file "D:\Study\PLIS\PLIS-lw8\SevenSegsLibrary\Num_demultiplexer.vhd" into library work
Parsing entity <Num_demultiplexer>.
Parsing architecture <Behavioral> of entity <num_demultiplexer>.
Parsing VHDL file "D:\Study\PLIS\PLIS-lw8\SevenSegsLibrary\Number_decoder.vhd" into library work
Parsing entity <Number_decoder>.
Parsing architecture <Behavioral> of entity <number_decoder>.
Parsing VHDL file "D:\Study\PLIS\PLIS-lw8\SevenSegsLibrary\Interchange.vhd" into library work
Parsing entity <Multiplexer_of_numbers>.
Parsing architecture <Behavioral> of entity <multiplexer_of_numbers>.
Parsing VHDL file "D:\Study\PLIS\PLIS-lw8\SevenSegsLibrary\Divider.vhd" into library work
Parsing entity <Divider>.
Parsing architecture <Behavioral> of entity <divider>.
Parsing VHDL file "D:\Study\PLIS\PLIS-lw8\SevenSegsLibrary\Digit_decoder.vhd" into library work
Parsing entity <Digit_decoder>.
Parsing architecture <Behavioral> of entity <digit_decoder>.

=========================================================================
*                            HDL Elaboration                            *
=========================================================================

Elaborating module <Scheme>.
Going to vhdl side to elaborate module Multiplexer_of_numbers

Elaborating entity <Multiplexer_of_numbers> (architecture <Behavioral>) from library <work>.
INFO:HDLCompiler:679 - "D:\Study\PLIS\PLIS-lw8\SevenSegsLibrary\Interchange.vhd" Line 51. Case statement is complete. others clause is never selected
Back to verilog to continue elaboration
Going to vhdl side to elaborate module Number_decoder

Elaborating entity <Number_decoder> (architecture <Behavioral>) from library <work>.
INFO:HDLCompiler:679 - "D:\Study\PLIS\PLIS-lw8\SevenSegsLibrary\Number_decoder.vhd" Line 62. Case statement is complete. others clause is never selected
Back to verilog to continue elaboration
Going to vhdl side to elaborate module Digit_decoder

Elaborating entity <Digit_decoder> (architecture <Behavioral>) from library <work>.
INFO:HDLCompiler:679 - "D:\Study\PLIS\PLIS-lw8\SevenSegsLibrary\Digit_decoder.vhd" Line 47. Case statement is complete. others clause is never selected
Back to verilog to continue elaboration
Going to vhdl side to elaborate module Num_demultiplexer

Elaborating entity <Num_demultiplexer> (architecture <Behavioral>) from library <work>.
INFO:HDLCompiler:679 - "D:\Study\PLIS\PLIS-lw8\SevenSegsLibrary\Num_demultiplexer.vhd" Line 26. Case statement is complete. others clause is never selected
Back to verilog to continue elaboration
Going to vhdl side to elaborate module Divider

Elaborating entity <Divider> (architecture <Behavioral>) from library <work>.
Back to verilog to continue elaboration

=========================================================================
*                           HDL Synthesis                               *
=========================================================================

Synthesizing Unit <Scheme>.
    Related source file is "D:\Study\PLIS\PLIS-lw8\SevenSegsLibrary\Scheme.vf".
    Summary:
	no macro.
Unit <Scheme> synthesized.

Synthesizing Unit <Multiplexer_of_numbers>.
    Related source file is "D:\Study\PLIS\PLIS-lw8\SevenSegsLibrary\Interchange.vhd".
    Found 4-bit 4-to-1 multiplexer for signal <OUT_NUM> created at line 46.
    Summary:
	inferred   1 Multiplexer(s).
Unit <Multiplexer_of_numbers> synthesized.

Synthesizing Unit <Number_decoder>.
    Related source file is "D:\Study\PLIS\PLIS-lw8\SevenSegsLibrary\Number_decoder.vhd".
    Found 16x8-bit Read Only RAM for signal <PINOUT>
    Summary:
	inferred   1 RAM(s).
Unit <Number_decoder> synthesized.

Synthesizing Unit <Digit_decoder>.
    Related source file is "D:\Study\PLIS\PLIS-lw8\SevenSegsLibrary\Digit_decoder.vhd".
    Found 4x4-bit Read Only RAM for signal <ANOD>
    Summary:
	inferred   1 RAM(s).
Unit <Digit_decoder> synthesized.

Synthesizing Unit <Num_demultiplexer>.
    Related source file is "D:\Study\PLIS\PLIS-lw8\SevenSegsLibrary\Num_demultiplexer.vhd".
WARNING:Xst:737 - Found 1-bit latch for signal <NUM_0<2>>. Latches may be generated from incomplete case or if statements. We do not recommend the use of latches in FPGA/CPLD designs, as they may lead to timing problems.
WARNING:Xst:737 - Found 1-bit latch for signal <NUM_0<1>>. Latches may be generated from incomplete case or if statements. We do not recommend the use of latches in FPGA/CPLD designs, as they may lead to timing problems.
WARNING:Xst:737 - Found 1-bit latch for signal <NUM_0<0>>. Latches may be generated from incomplete case or if statements. We do not recommend the use of latches in FPGA/CPLD designs, as they may lead to timing problems.
WARNING:Xst:737 - Found 1-bit latch for signal <NUM_1<3>>. Latches may be generated from incomplete case or if statements. We do not recommend the use of latches in FPGA/CPLD designs, as they may lead to timing problems.
WARNING:Xst:737 - Found 1-bit latch for signal <NUM_1<2>>. Latches may be generated from incomplete case or if statements. We do not recommend the use of latches in FPGA/CPLD designs, as they may lead to timing problems.
WARNING:Xst:737 - Found 1-bit latch for signal <NUM_1<1>>. Latches may be generated from incomplete case or if statements. We do not recommend the use of latches in FPGA/CPLD designs, as they may lead to timing problems.
WARNING:Xst:737 - Found 1-bit latch for signal <NUM_1<0>>. Latches may be generated from incomplete case or if statements. We do not recommend the use of latches in FPGA/CPLD designs, as they may lead to timing problems.
WARNING:Xst:737 - Found 1-bit latch for signal <NUM_2<3>>. Latches may be generated from incomplete case or if statements. We do not recommend the use of latches in FPGA/CPLD designs, as they may lead to timing problems.
WARNING:Xst:737 - Found 1-bit latch for signal <NUM_2<2>>. Latches may be generated from incomplete case or if statements. We do not recommend the use of latches in FPGA/CPLD designs, as they may lead to timing problems.
WARNING:Xst:737 - Found 1-bit latch for signal <NUM_2<1>>. Latches may be generated from incomplete case or if statements. We do not recommend the use of latches in FPGA/CPLD designs, as they may lead to timing problems.
WARNING:Xst:737 - Found 1-bit latch for signal <NUM_2<0>>. Latches may be generated from incomplete case or if statements. We do not recommend the use of latches in FPGA/CPLD designs, as they may lead to timing problems.
WARNING:Xst:737 - Found 1-bit latch for signal <NUM_3<3>>. Latches may be generated from incomplete case or if statements. We do not recommend the use of latches in FPGA/CPLD designs, as they may lead to timing problems.
WARNING:Xst:737 - Found 1-bit latch for signal <NUM_3<2>>. Latches may be generated from incomplete case or if statements. We do not recommend the use of latches in FPGA/CPLD designs, as they may lead to timing problems.
WARNING:Xst:737 - Found 1-bit latch for signal <NUM_3<1>>. Latches may be generated from incomplete case or if statements. We do not recommend the use of latches in FPGA/CPLD designs, as they may lead to timing problems.
WARNING:Xst:737 - Found 1-bit latch for signal <NUM_3<0>>. Latches may be generated from incomplete case or if statements. We do not recommend the use of latches in FPGA/CPLD designs, as they may lead to timing problems.
WARNING:Xst:737 - Found 1-bit latch for signal <NUM_0<3>>. Latches may be generated from incomplete case or if statements. We do not recommend the use of latches in FPGA/CPLD designs, as they may lead to timing problems.
    Summary:
	inferred  16 Latch(s).
Unit <Num_demultiplexer> synthesized.

Synthesizing Unit <Divider>.
    Related source file is "D:\Study\PLIS\PLIS-lw8\SevenSegsLibrary\Divider.vhd".
    Found 2-bit register for signal <sig>.
    Found 32-bit register for signal <counter>.
    Found 2-bit adder for signal <sig[1]_GND_26_o_add_1_OUT> created at line 19.
    Found 32-bit adder for signal <counter[31]_GND_26_o_add_2_OUT> created at line 21.
    Summary:
	inferred   2 Adder/Subtractor(s).
	inferred  34 D-type flip-flop(s).
Unit <Divider> synthesized.

=========================================================================
HDL Synthesis Report

Macro Statistics
# RAMs                                                 : 2
 16x8-bit single-port Read Only RAM                    : 1
 4x4-bit single-port Read Only RAM                     : 1
# Adders/Subtractors                                   : 2
 2-bit adder                                           : 1
 32-bit adder                                          : 1
# Registers                                            : 2
 2-bit register                                        : 1
 32-bit register                                       : 1
# Latches                                              : 16
 1-bit latch                                           : 16
# Multiplexers                                         : 1
 4-bit 4-to-1 multiplexer                              : 1

=========================================================================

=========================================================================
*                       Advanced HDL Synthesis                          *
=========================================================================


Synthesizing (advanced) Unit <Digit_decoder>.
INFO:Xst:3218 - HDL ADVISOR - The RAM <Mram_ANOD> will be implemented on LUTs either because you have described an asynchronous read or because of currently unsupported block RAM features. If you have described an asynchronous read, making it synchronous would allow you to take advantage of available block RAM resources, for optimized device usage and improved timings. Please refer to your documentation for coding guidelines.
    -----------------------------------------------------------------------
    | ram_type           | Distributed                         |          |
    -----------------------------------------------------------------------
    | Port A                                                              |
    |     aspect ratio   | 4-word x 4-bit                      |          |
    |     weA            | connected to signal <GND>           | high     |
    |     addrA          | connected to signal <DIGIT>         |          |
    |     diA            | connected to signal <GND>           |          |
    |     doA            | connected to signal <ANOD>          |          |
    -----------------------------------------------------------------------
Unit <Digit_decoder> synthesized (advanced).

Synthesizing (advanced) Unit <Divider>.
The following registers are absorbed into counter <counter>: 1 register on signal <counter>.
The following registers are absorbed into counter <sig>: 1 register on signal <sig>.
Unit <Divider> synthesized (advanced).

Synthesizing (advanced) Unit <Number_decoder>.
INFO:Xst:3218 - HDL ADVISOR - The RAM <Mram_PINOUT> will be implemented on LUTs either because you have described an asynchronous read or because of currently unsupported block RAM features. If you have described an asynchronous read, making it synchronous would allow you to take advantage of available block RAM resources, for optimized device usage and improved timings. Please refer to your documentation for coding guidelines.
    -----------------------------------------------------------------------
    | ram_type           | Distributed                         |          |
    -----------------------------------------------------------------------
    | Port A                                                              |
    |     aspect ratio   | 16-word x 8-bit                     |          |
    |     weA            | connected to signal <GND>           | high     |
    |     addrA          | connected to signal <DIGIT>         |          |
    |     diA            | connected to signal <GND>           |          |
    |     doA            | connected to signal <PINOUT>        |          |
    -----------------------------------------------------------------------
Unit <Number_decoder> synthesized (advanced).

=========================================================================
Advanced HDL Synthesis Report

Macro Statistics
# RAMs                                                 : 2
 16x8-bit single-port distributed Read Only RAM        : 1
 4x4-bit single-port distributed Read Only RAM         : 1
# Counters                                             : 2
 2-bit up counter                                      : 1
 32-bit up counter                                     : 1
# Multiplexers                                         : 1
 4-bit 4-to-1 multiplexer                              : 1

=========================================================================

=========================================================================
*                         Low Level Synthesis                           *
=========================================================================

Optimizing unit <Scheme> ...

Optimizing unit <Num_demultiplexer> ...

Mapping all equations...
Building and optimizing final netlist ...
Found area constraint ratio of 100 (+ 5) on block Scheme, actual ratio is 0.

Final Macro Processing ...

=========================================================================
Final Register Report

Macro Statistics
# Registers                                            : 34
 Flip-Flops                                            : 34

=========================================================================

=========================================================================
*                           Partition Report                            *
=========================================================================

Partition Implementation Status
-------------------------------

  No Partitions were found in this design.

-------------------------------

=========================================================================
*                            Design Summary                             *
=========================================================================

Top Level Output File Name         : Scheme.ngc

Primitive and Black Box Usage:
------------------------------
# BELS                             : 159
#      GND                         : 1
#      INV                         : 1
#      LUT1                        : 31
#      LUT2                        : 41
#      LUT3                        : 1
#      LUT4                        : 7
#      LUT6                        : 13
#      MUXCY                       : 31
#      VCC                         : 1
#      XORCY                       : 32
# FlipFlops/Latches                : 50
#      FD                          : 32
#      FDE                         : 2
#      LDE                         : 16
# Clock Buffers                    : 2
#      BUFGP                       : 2
# IO Buffers                       : 18
#      IBUF                        : 6
#      OBUF                        : 12

Device utilization summary:
---------------------------

Selected Device : 6slx16csg324-3 


Slice Logic Utilization: 
 Number of Slice Registers:              50  out of  18224     0%  
 Number of Slice LUTs:                   94  out of   9112     1%  
    Number used as Logic:                94  out of   9112     1%  

Slice Logic Distribution: 
 Number of LUT Flip Flop pairs used:    106
   Number with an unused Flip Flop:      56  out of    106    52%  
   Number with an unused LUT:            12  out of    106    11%  
   Number of fully used LUT-FF pairs:    38  out of    106    35%  
   Number of unique control sets:         6

IO Utilization: 
 Number of IOs:                          20
 Number of bonded IOBs:                  20  out of    232     8%  

Specific Feature Utilization:
 Number of BUFG/BUFGCTRLs:                2  out of     16    12%  

---------------------------
Partition Resource Summary:
---------------------------

  No Partitions were found in this design.

---------------------------


=========================================================================
Timing Report

NOTE: THESE TIMING NUMBERS ARE ONLY A SYNTHESIS ESTIMATE.
      FOR ACCURATE TIMING INFORMATION PLEASE REFER TO THE TRACE REPORT
      GENERATED AFTER PLACE-and-ROUTE.

Clock Information:
------------------
-----------------------------------+------------------------+-------+
Clock Signal                       | Clock buffer(FF name)  | Load  |
-----------------------------------+------------------------+-------+
Oxyllirator                        | BUFGP                  | 34    |
ENABLE                             | BUFGP                  | 16    |
-----------------------------------+------------------------+-------+

Asynchronous Control Signals Information:
----------------------------------------
No asynchronous control signals found in this design

Timing Summary:
---------------
Speed Grade: -3

   Minimum period: 4.197ns (Maximum Frequency: 238.288MHz)
   Minimum input arrival time before clock: 3.217ns
   Maximum output required time after clock: 6.244ns
   Maximum combinational path delay: No path found

Timing Details:
---------------
All values displayed in nanoseconds (ns)

=========================================================================
Timing constraint: Default period analysis for Clock 'Oxyllirator'
  Clock period: 4.197ns (frequency: 238.288MHz)
  Total number of paths / destination ports: 1619 / 36
-------------------------------------------------------------------------
Delay:               4.197ns (Levels of Logic = 3)
  Source:            XLXI_11/counter_25 (FF)
  Destination:       XLXI_11/counter_0 (FF)
  Source Clock:      Oxyllirator rising
  Destination Clock: Oxyllirator rising

  Data Path: XLXI_11/counter_25 to XLXI_11/counter_0
                                Gate     Net
    Cell:in->out      fanout   Delay   Delay  Logical Name (Net Name)
    ----------------------------------------  ------------
     FD:C->Q               2   0.447   0.981  XLXI_11/counter_25 (XLXI_11/counter_25)
     LUT6:I0->O            4   0.203   1.028  XLXI_11/GND_26_o_counter[31]_equal_1_o<31>5 (XLXI_11/GND_26_o_counter[31]_equal_1_o<31>4)
     LUT6:I1->O           17   0.203   1.028  XLXI_11/GND_26_o_counter[31]_equal_1_o<31>7 (XLXI_11/GND_26_o_counter[31]_equal_1_o)
     LUT2:I1->O            1   0.205   0.000  XLXI_11/counter_0_rstpot (XLXI_11/counter_0_rstpot)
     FD:D                      0.102          XLXI_11/counter_0
    ----------------------------------------
    Total                      4.197ns (1.160ns logic, 3.037ns route)
                                       (27.6% logic, 72.4% route)

=========================================================================
Timing constraint: Default OFFSET IN BEFORE for Clock 'ENABLE'
  Total number of paths / destination ports: 48 / 32
-------------------------------------------------------------------------
Offset:              3.217ns (Levels of Logic = 2)
  Source:            DIGIT<1> (PAD)
  Destination:       XLXI_8/NUM_0_3 (LATCH)
  Destination Clock: ENABLE falling

  Data Path: DIGIT<1> to XLXI_8/NUM_0_3
                                Gate     Net
    Cell:in->out      fanout   Delay   Delay  Logical Name (Net Name)
    ----------------------------------------  ------------
     IBUF:I->O             4   1.222   0.788  DIGIT_1_IBUF (DIGIT_1_IBUF)
     LUT2:I0->O            4   0.203   0.683  XLXI_8/DIGIT[1]_GND_8_o_Mux_9_o<1>1 (XLXI_8/DIGIT[1]_GND_8_o_Mux_9_o)
     LDE:GE                    0.322          XLXI_8/NUM_0_2
    ----------------------------------------
    Total                      3.217ns (1.747ns logic, 1.470ns route)
                                       (54.3% logic, 45.7% route)

=========================================================================
Timing constraint: Default OFFSET OUT AFTER for Clock 'Oxyllirator'
  Total number of paths / destination ports: 64 / 11
-------------------------------------------------------------------------
Offset:              6.244ns (Levels of Logic = 3)
  Source:            XLXI_11/sig_0 (FF)
  Destination:       C<7> (PAD)
  Source Clock:      Oxyllirator rising

  Data Path: XLXI_11/sig_0 to C<7>
                                Gate     Net
    Cell:in->out      fanout   Delay   Delay  Logical Name (Net Name)
    ----------------------------------------  ------------
     FDE:C->Q             10   0.447   1.221  XLXI_11/sig_0 (XLXI_11/sig_0)
     LUT6:I0->O            7   0.203   1.021  XLXI_3/Mmux_OUT_NUM11 (XLXN_2<0>)
     LUT4:I0->O            1   0.203   0.579  XLXI_5/Mram_PINOUT31 (C_3_OBUF)
     OBUF:I->O                 2.571          C_3_OBUF (C<3>)
    ----------------------------------------
    Total                      6.244ns (3.424ns logic, 2.820ns route)
                                       (54.8% logic, 45.2% route)

=========================================================================
Timing constraint: Default OFFSET OUT AFTER for Clock 'ENABLE'
  Total number of paths / destination ports: 112 / 7
-------------------------------------------------------------------------
Offset:              5.901ns (Levels of Logic = 3)
  Source:            XLXI_8/NUM_1_0 (LATCH)
  Destination:       C<7> (PAD)
  Source Clock:      ENABLE falling

  Data Path: XLXI_8/NUM_1_0 to C<7>
                                Gate     Net
    Cell:in->out      fanout   Delay   Delay  Logical Name (Net Name)
    ----------------------------------------  ------------
     LDE:G->Q              1   0.498   0.827  XLXI_8/NUM_1_0 (XLXI_8/NUM_1_0)
     LUT6:I2->O            7   0.203   1.021  XLXI_3/Mmux_OUT_NUM11 (XLXN_2<0>)
     LUT4:I0->O            1   0.203   0.579  XLXI_5/Mram_PINOUT31 (C_3_OBUF)
     OBUF:I->O                 2.571          C_3_OBUF (C<3>)
    ----------------------------------------
    Total                      5.901ns (3.475ns logic, 2.426ns route)
                                       (58.9% logic, 41.1% route)

=========================================================================

Cross Clock Domains Report:
--------------------------

Clock to Setup on destination clock Oxyllirator
---------------+---------+---------+---------+---------+
               | Src:Rise| Src:Fall| Src:Rise| Src:Fall|
Source Clock   |Dest:Rise|Dest:Rise|Dest:Fall|Dest:Fall|
---------------+---------+---------+---------+---------+
Oxyllirator    |    4.197|         |         |         |
---------------+---------+---------+---------+---------+

=========================================================================


Total REAL time to Xst completion: 5.00 secs
Total CPU time to Xst completion: 4.45 secs
 
--> 

Total memory usage is 4501252 kilobytes

Number of errors   :    0 (   0 filtered)
Number of warnings :   16 (   0 filtered)
Number of infos    :    2 (   0 filtered)

