Release 14.7 - xst P.20131013 (nt64)
Copyright (c) 1995-2013 Xilinx, Inc.  All rights reserved.
--> Parameter TMPDIR set to xst/projnav.tmp


Total REAL time to Xst completion: 1.00 secs
Total CPU time to Xst completion: 0.08 secs
 
--> Parameter xsthdpdir set to xst


Total REAL time to Xst completion: 1.00 secs
Total CPU time to Xst completion: 0.08 secs
 
--> Reading design: Scheme.prj

TABLE OF CONTENTS
  1) Synthesis Options Summary
  2) HDL Parsing
  3) HDL Elaboration
  4) HDL Synthesis
       4.1) HDL Synthesis Report
  5) Advanced HDL Synthesis
       5.1) Advanced HDL Synthesis Report
  6) Low Level Synthesis
  7) Partition Report
  8) Design Summary
       8.1) Primitive and Black Box Usage
       8.2) Device utilization summary
       8.3) Partition Resource Summary
       8.4) Timing Report
            8.4.1) Clock Information
            8.4.2) Asynchronous Control Signals Information
            8.4.3) Timing Summary
            8.4.4) Timing Details
            8.4.5) Cross Clock Domains Report


=========================================================================
*                      Synthesis Options Summary                        *
=========================================================================
---- Source Parameters
Input File Name                    : "Scheme.prj"
Ignore Synthesis Constraint File   : NO

---- Target Parameters
Output File Name                   : "Scheme"
Output Format                      : NGC
Target Device                      : xc6slx16-3-csg324

---- Source Options
Top Module Name                    : Scheme
Automatic FSM Extraction           : YES
FSM Encoding Algorithm             : Auto
Safe Implementation                : No
FSM Style                          : LUT
RAM Extraction                     : Yes
RAM Style                          : Auto
ROM Extraction                     : Yes
Shift Register Extraction          : YES
ROM Style                          : Auto
Resource Sharing                   : YES
Asynchronous To Synchronous        : NO
Shift Register Minimum Size        : 2
Use DSP Block                      : Auto
Automatic Register Balancing       : No

---- Target Options
LUT Combining                      : Auto
Reduce Control Sets                : Auto
Add IO Buffers                     : YES
Global Maximum Fanout              : 100000
Add Generic Clock Buffer(BUFG)     : 16
Register Duplication               : YES
Optimize Instantiated Primitives   : NO
Use Clock Enable                   : Auto
Use Synchronous Set                : Auto
Use Synchronous Reset              : Auto
Pack IO Registers into IOBs        : Auto
Equivalent register Removal        : YES

---- General Options
Optimization Goal                  : Speed
Optimization Effort                : 1
Power Reduction                    : NO
Keep Hierarchy                     : No
Netlist Hierarchy                  : As_Optimized
RTL Output                         : Yes
Global Optimization                : AllClockNets
Read Cores                         : YES
Write Timing Constraints           : NO
Cross Clock Analysis               : NO
Hierarchy Separator                : /
Bus Delimiter                      : <>
Case Specifier                     : Maintain
Slice Utilization Ratio            : 100
BRAM Utilization Ratio             : 100
DSP48 Utilization Ratio            : 100
Auto BRAM Packing                  : NO
Slice Utilization Ratio Delta      : 5

=========================================================================


=========================================================================
*                          HDL Parsing                                  *
=========================================================================
Analyzing Verilog file "D:\Study\PLIS\PLIS-lw9\T-Trigger\Scheme.vf" into library work
Parsing module <Scheme>.
Parsing VHDL file "D:\Study\PLIS\PLIS-lw9\T-Trigger\T_Trigger.vhd" into library work
Parsing entity <T_Trigger>.
Parsing architecture <Behavioral> of entity <t_trigger>.
Parsing VHDL file "D:\Study\PLIS\PLIS-lw9\T-Trigger\Divider.vhd" into library work
Parsing entity <Divider>.
Parsing architecture <Behavioral> of entity <divider>.

=========================================================================
*                            HDL Elaboration                            *
=========================================================================

Elaborating module <Scheme>.
Going to vhdl side to elaborate module T_Trigger

Elaborating entity <T_Trigger> (architecture <Behavioral>) from library <work>.
Back to verilog to continue elaboration
Going to vhdl side to elaborate module Divider

Elaborating entity <Divider> (architecture <Behavioral>) from library <work>.
Back to verilog to continue elaboration

Elaborating module <AND2>.

=========================================================================
*                           HDL Synthesis                               *
=========================================================================

Synthesizing Unit <Scheme>.
    Related source file is "D:\Study\PLIS\PLIS-lw9\T-Trigger\Scheme.vf".
    Summary:
	no macro.
Unit <Scheme> synthesized.

Synthesizing Unit <T_Trigger>.
    Related source file is "D:\Study\PLIS\PLIS-lw9\T-Trigger\T_Trigger.vhd".
    Found 1-bit register for signal <clk>.
    Summary:
	inferred   1 D-type flip-flop(s).
Unit <T_Trigger> synthesized.

Synthesizing Unit <Divider>.
    Related source file is "D:\Study\PLIS\PLIS-lw9\T-Trigger\Divider.vhd".
    Found 1-bit register for signal <sig>.
    Found 32-bit register for signal <cnt>.
    Found 32-bit adder for signal <cnt[31]_GND_5_o_add_0_OUT> created at line 17.
    Summary:
	inferred   1 Adder/Subtractor(s).
	inferred  33 D-type flip-flop(s).
Unit <Divider> synthesized.

=========================================================================
HDL Synthesis Report

Macro Statistics
# Adders/Subtractors                                   : 1
 32-bit adder                                          : 1
# Registers                                            : 3
 1-bit register                                        : 2
 32-bit register                                       : 1

=========================================================================

=========================================================================
*                       Advanced HDL Synthesis                          *
=========================================================================


Synthesizing (advanced) Unit <Divider>.
The following registers are absorbed into counter <cnt>: 1 register on signal <cnt>.
Unit <Divider> synthesized (advanced).

=========================================================================
Advanced HDL Synthesis Report

Macro Statistics
# Adders/Subtractors                                   : 1
 32-bit adder                                          : 1
# Counters                                             : 1
 32-bit up counter                                     : 1
# Registers                                            : 2
 Flip-Flops                                            : 2

=========================================================================

=========================================================================
*                         Low Level Synthesis                           *
=========================================================================

Optimizing unit <Scheme> ...

Mapping all equations...
Building and optimizing final netlist ...
Found area constraint ratio of 100 (+ 5) on block Scheme, actual ratio is 0.

Final Macro Processing ...

=========================================================================
Final Register Report

Macro Statistics
# Registers                                            : 34
 Flip-Flops                                            : 34

=========================================================================

=========================================================================
*                           Partition Report                            *
=========================================================================

Partition Implementation Status
-------------------------------

  No Partitions were found in this design.

-------------------------------

=========================================================================
*                            Design Summary                             *
=========================================================================

Top Level Output File Name         : Scheme.ngc

Primitive and Black Box Usage:
------------------------------
# BELS                             : 237
#      AND2                        : 1
#      GND                         : 1
#      INV                         : 3
#      LUT1                        : 62
#      LUT2                        : 35
#      LUT3                        : 2
#      LUT6                        : 6
#      MUXCY                       : 62
#      VCC                         : 1
#      XORCY                       : 64
# FlipFlops/Latches                : 34
#      FD                          : 34
# Clock Buffers                    : 1
#      BUFGP                       : 1
# IO Buffers                       : 3
#      IBUF                        : 1
#      OBUF                        : 2

Device utilization summary:
---------------------------

Selected Device : 6slx16csg324-3 


Slice Logic Utilization: 
 Number of Slice Registers:              34  out of  18224     0%  
 Number of Slice LUTs:                  108  out of   9112     1%  
    Number used as Logic:               108  out of   9112     1%  

Slice Logic Distribution: 
 Number of LUT Flip Flop pairs used:    108
   Number with an unused Flip Flop:      74  out of    108    68%  
   Number with an unused LUT:             0  out of    108     0%  
   Number of fully used LUT-FF pairs:    34  out of    108    31%  
   Number of unique control sets:         2

IO Utilization: 
 Number of IOs:                           4
 Number of bonded IOBs:                   4  out of    232     1%  

Specific Feature Utilization:
 Number of BUFG/BUFGCTRLs:                1  out of     16     6%  

---------------------------
Partition Resource Summary:
---------------------------

  No Partitions were found in this design.

---------------------------


=========================================================================
Timing Report

NOTE: THESE TIMING NUMBERS ARE ONLY A SYNTHESIS ESTIMATE.
      FOR ACCURATE TIMING INFORMATION PLEASE REFER TO THE TRACE REPORT
      GENERATED AFTER PLACE-and-ROUTE.

Clock Information:
------------------
-----------------------------------+------------------------+-------+
Clock Signal                       | Clock buffer(FF name)  | Load  |
-----------------------------------+------------------------+-------+
XLXN_4(XLXI_3:O)                   | NONE(*)(XLXI_1/clk)    | 1     |
V10                                | BUFGP                  | 33    |
-----------------------------------+------------------------+-------+
(*) This 1 clock signal(s) are generated by combinatorial logic,
and XST is not able to identify which are the primary clock signals.
Please use the CLOCK_SIGNAL constraint to specify the clock signal(s) generated by combinatorial logic.
INFO:Xst:2169 - HDL ADVISOR - Some clock signals were not automatically buffered by XST with BUFG/BUFR resources. Please use the buffer_type constraint in order to insert these buffers to the clock signals to help prevent skew problems.

Asynchronous Control Signals Information:
----------------------------------------
No asynchronous control signals found in this design

Timing Summary:
---------------
Speed Grade: -3

   Minimum period: 5.633ns (Maximum Frequency: 177.525MHz)
   Minimum input arrival time before clock: No path found
   Maximum output required time after clock: 4.457ns
   Maximum combinational path delay: No path found

Timing Details:
---------------
All values displayed in nanoseconds (ns)

=========================================================================
Timing constraint: Default period analysis for Clock 'XLXN_4'
  Clock period: 1.988ns (frequency: 503.145MHz)
  Total number of paths / destination ports: 1 / 1
-------------------------------------------------------------------------
Delay:               1.988ns (Levels of Logic = 1)
  Source:            XLXI_1/clk (FF)
  Destination:       XLXI_1/clk (FF)
  Source Clock:      XLXN_4 rising
  Destination Clock: XLXN_4 rising

  Data Path: XLXI_1/clk to XLXI_1/clk
                                Gate     Net
    Cell:in->out      fanout   Delay   Delay  Logical Name (Net Name)
    ----------------------------------------  ------------
     FD:C->Q               2   0.447   0.616  XLXI_1/clk (XLXI_1/clk)
     INV:I->O              2   0.206   0.616  XLXI_1/bQ1_INV_0 (bQ_OBUF)
     FD:D                      0.102          XLXI_1/clk
    ----------------------------------------
    Total                      1.988ns (0.755ns logic, 1.233ns route)
                                       (38.0% logic, 62.0% route)

=========================================================================
Timing constraint: Default period analysis for Clock 'V10'
  Clock period: 5.633ns (frequency: 177.525MHz)
  Total number of paths / destination ports: 17953 / 33
-------------------------------------------------------------------------
Delay:               5.633ns (Levels of Logic = 10)
  Source:            XLXI_2/cnt_0 (FF)
  Destination:       XLXI_2/cnt_0 (FF)
  Source Clock:      V10 rising
  Destination Clock: V10 rising

  Data Path: XLXI_2/cnt_0 to XLXI_2/cnt_0
                                Gate     Net
    Cell:in->out      fanout   Delay   Delay  Logical Name (Net Name)
    ----------------------------------------  ------------
     FD:C->Q               2   0.447   0.616  XLXI_2/cnt_0 (XLXI_2/cnt_0)
     INV:I->O              1   0.206   0.000  XLXI_2/Madd_cnt[31]_GND_5_o_add_0_OUT_lut<0>_INV_0 (XLXI_2/Madd_cnt[31]_GND_5_o_add_0_OUT_lut<0>)
     MUXCY:S->O            1   0.172   0.000  XLXI_2/Madd_cnt[31]_GND_5_o_add_0_OUT_cy<0> (XLXI_2/Madd_cnt[31]_GND_5_o_add_0_OUT_cy<0>)
     MUXCY:CI->O           1   0.019   0.000  XLXI_2/Madd_cnt[31]_GND_5_o_add_0_OUT_cy<1> (XLXI_2/Madd_cnt[31]_GND_5_o_add_0_OUT_cy<1>)
     MUXCY:CI->O           1   0.019   0.000  XLXI_2/Madd_cnt[31]_GND_5_o_add_0_OUT_cy<2> (XLXI_2/Madd_cnt[31]_GND_5_o_add_0_OUT_cy<2>)
     MUXCY:CI->O           1   0.019   0.000  XLXI_2/Madd_cnt[31]_GND_5_o_add_0_OUT_cy<3> (XLXI_2/Madd_cnt[31]_GND_5_o_add_0_OUT_cy<3>)
     XORCY:CI->O           1   0.180   0.808  XLXI_2/Madd_cnt[31]_GND_5_o_add_0_OUT_xor<4> (XLXI_2/cnt[31]_GND_5_o_add_0_OUT<4>)
     LUT3:I0->O            1   0.205   0.580  XLXI_2/GND_5_o_cnt[31]_equal_2_o<31>2 (XLXI_2/GND_5_o_cnt[31]_equal_2_o<31>1)
     LUT6:I5->O            2   0.205   0.617  XLXI_2/GND_5_o_cnt[31]_equal_2_o<31>3 (XLXI_2/GND_5_o_cnt[31]_equal_2_o<31>2)
     LUT6:I5->O           17   0.205   1.028  XLXI_2/GND_5_o_cnt[31]_equal_2_o<31>9 (XLXI_2/GND_5_o_cnt[31]_equal_2_o)
     LUT2:I1->O            1   0.205   0.000  XLXI_2/cnt_0_rstpot (XLXI_2/cnt_0_rstpot)
     FD:D                      0.102          XLXI_2/cnt_0
    ----------------------------------------
    Total                      5.633ns (1.984ns logic, 3.649ns route)
                                       (35.2% logic, 64.8% route)

=========================================================================
Timing constraint: Default OFFSET OUT AFTER for Clock 'XLXN_4'
  Total number of paths / destination ports: 2 / 2
-------------------------------------------------------------------------
Offset:              4.457ns (Levels of Logic = 2)
  Source:            XLXI_1/clk (FF)
  Destination:       bQ (PAD)
  Source Clock:      XLXN_4 rising

  Data Path: XLXI_1/clk to bQ
                                Gate     Net
    Cell:in->out      fanout   Delay   Delay  Logical Name (Net Name)
    ----------------------------------------  ------------
     FD:C->Q               2   0.447   0.616  XLXI_1/clk (XLXI_1/clk)
     INV:I->O              2   0.206   0.616  XLXI_1/bQ1_INV_0 (bQ_OBUF)
     OBUF:I->O                 2.571          bQ_OBUF (bQ)
    ----------------------------------------
    Total                      4.457ns (3.224ns logic, 1.233ns route)
                                       (72.3% logic, 27.7% route)

=========================================================================

Cross Clock Domains Report:
--------------------------

Clock to Setup on destination clock V10
---------------+---------+---------+---------+---------+
               | Src:Rise| Src:Fall| Src:Rise| Src:Fall|
Source Clock   |Dest:Rise|Dest:Rise|Dest:Fall|Dest:Fall|
---------------+---------+---------+---------+---------+
V10            |    5.633|         |         |         |
---------------+---------+---------+---------+---------+

Clock to Setup on destination clock XLXN_4
---------------+---------+---------+---------+---------+
               | Src:Rise| Src:Fall| Src:Rise| Src:Fall|
Source Clock   |Dest:Rise|Dest:Rise|Dest:Fall|Dest:Fall|
---------------+---------+---------+---------+---------+
XLXN_4         |    1.988|         |         |         |
---------------+---------+---------+---------+---------+

=========================================================================


Total REAL time to Xst completion: 4.00 secs
Total CPU time to Xst completion: 3.71 secs
 
--> 

Total memory usage is 4499844 kilobytes

Number of errors   :    0 (   0 filtered)
Number of warnings :    0 (   0 filtered)
Number of infos    :    1 (   0 filtered)

